[2024-05-01 15:28:36.703 +08:00  INF]  User profile is available. Using 'C:\Users\1\AppData\Local\ASP.NET\DataProtection-Keys' as key repository and Windows DPAPI to encrypt keys at rest.
[2024-05-01 15:28:36.890 +08:00  INF]  Now listening on: http://localhost:5058
[2024-05-01 15:28:36.892 +08:00  INF]  Application started. Press Ctrl+C to shut down.
[2024-05-01 15:28:36.892 +08:00  INF]  Hosting environment: Development
[2024-05-01 15:28:36.892 +08:00  INF]  Content root path: D:\Code\星球项目\usercenter-backend\usercenter-backend
[2024-05-01 15:28:37.107 +08:00  INF]  Request starting HTTP/1.1 GET http://localhost:5058/swagger - null null
[2024-05-01 15:28:37.238 +08:00  INF]  Request finished HTTP/1.1 GET http://localhost:5058/swagger - 301 0 null 135.2501ms
[2024-05-01 15:28:37.239 +08:00  INF]  Request starting HTTP/1.1 GET http://localhost:5058/swagger/index.html - null null
[2024-05-01 15:28:37.302 +08:00  INF]  Request finished HTTP/1.1 GET http://localhost:5058/swagger/index.html - 200 null text/html;charset=utf-8 62.3342ms
[2024-05-01 15:28:37.307 +08:00  INF]  Request starting HTTP/1.1 GET http://localhost:5058/swagger/swagger-ui.css - null null
[2024-05-01 15:28:37.310 +08:00  INF]  Request starting HTTP/1.1 GET http://localhost:5058/swagger/swagger-ui-standalone-preset.js - null null
[2024-05-01 15:28:37.307 +08:00  INF]  Request starting HTTP/1.1 GET http://localhost:5058/swagger/swagger-ui-bundle.js - null null
[2024-05-01 15:28:37.313 +08:00  INF]  Request starting HTTP/1.1 GET http://localhost:5058/_framework/aspnetcore-browser-refresh.js - null null
[2024-05-01 15:28:37.322 +08:00  INF]  Request starting HTTP/1.1 GET http://localhost:5058/_vs/browserLink - null null
[2024-05-01 15:28:37.326 +08:00  INF]  Request finished HTTP/1.1 GET http://localhost:5058/_framework/aspnetcore-browser-refresh.js - 200 13772 application/javascript; charset=utf-8 15.8147ms
[2024-05-01 15:28:37.369 +08:00  INF]  Sending file. Request path: '/swagger-ui.css'. Physical path: 'N/A'
[2024-05-01 15:28:37.369 +08:00  INF]  Sending file. Request path: '/swagger-ui-standalone-preset.js'. Physical path: 'N/A'
[2024-05-01 15:28:37.370 +08:00  INF]  Request finished HTTP/1.1 GET http://localhost:5058/swagger/swagger-ui.css - 200 143943 text/css 64.1304ms
[2024-05-01 15:28:37.370 +08:00  INF]  Request finished HTTP/1.1 GET http://localhost:5058/swagger/swagger-ui-standalone-preset.js - 200 339486 text/javascript 62.8853ms
[2024-05-01 15:28:37.372 +08:00  INF]  Sending file. Request path: '/swagger-ui-bundle.js'. Physical path: 'N/A'
[2024-05-01 15:28:37.373 +08:00  INF]  Request finished HTTP/1.1 GET http://localhost:5058/swagger/swagger-ui-bundle.js - 200 1096145 text/javascript 65.4802ms
[2024-05-01 15:28:37.383 +08:00  INF]  Request finished HTTP/1.1 GET http://localhost:5058/_vs/browserLink - 200 null text/javascript; charset=UTF-8 61.2195ms
[2024-05-01 15:28:37.518 +08:00  INF]  Request starting HTTP/1.1 GET http://localhost:5058/swagger/v1/swagger.json - null null
[2024-05-01 15:28:37.601 +08:00  INF]  Request finished HTTP/1.1 GET http://localhost:5058/swagger/v1/swagger.json - 200 null application/json;charset=utf-8 82.1205ms
[2024-05-01 15:28:54.754 +08:00  INF]  Request starting HTTP/1.1 POST http://localhost:5058/api/User/userLogin?userAccount=yupi&userPassword=12345678 - null 0
[2024-05-01 15:28:54.758 +08:00  WRN]  Failed to determine the https port for redirect.
[2024-05-01 15:28:54.763 +08:00  INF]  Executing endpoint 'IdentityFramework.Controllers.UserController.userLogin (usercenter-backend)'
[2024-05-01 15:28:54.782 +08:00  INF]  Route matched with {action = "userLogin", controller = "User"}. Executing controller action with signature System.Threading.Tasks.Task`1[usercenter_backend.Model.User] userLogin(System.String, System.String) on controller IdentityFramework.Controllers.UserController (usercenter-backend).
[2024-05-01 15:28:57.351 +08:00  INF]  yupi trying to userLogin with password: 12345678
[2024-05-01 15:30:04.937 +08:00  INF]  Executed DbCommand (41ms) [Parameters=[@__normalizedUserName_0='?' (Size = 256)], CommandType='"Text"', CommandTimeout='30']
SELECT TOP(1) [a].[Id], [a].[AccessFailedCount], [a].[ConcurrencyStamp], [a].[Email], [a].[EmailConfirmed], [a].[LockoutEnabled], [a].[LockoutEnd], [a].[NormalizedEmail], [a].[NormalizedUserName], [a].[PasswordHash], [a].[PhoneNumber], [a].[PhoneNumberConfirmed], [a].[SecurityStamp], [a].[TwoFactorEnabled], [a].[UserName]
FROM [AspNetUsers] AS [a]
WHERE [a].[NormalizedUserName] = @__normalizedUserName_0
[2024-05-01 15:30:08.308 +08:00  INF]  Executing ObjectResult, writing value of type 'null'.
[2024-05-01 15:30:08.312 +08:00  INF]  Executed action IdentityFramework.Controllers.UserController.userLogin (usercenter-backend) in 73527.6513ms
[2024-05-01 15:30:08.313 +08:00  INF]  Executed endpoint 'IdentityFramework.Controllers.UserController.userLogin (usercenter-backend)'
[2024-05-01 15:30:08.319 +08:00  INF]  Request finished HTTP/1.1 POST http://localhost:5058/api/User/userLogin?userAccount=yupi&userPassword=12345678 - 204 null null 73564.8217ms
[2024-05-01 15:33:22.654 +08:00  WRN]  Failed to determine the https port for redirect.
[2024-05-01 15:33:24.079 +08:00  WRN]  astsfdtgdf trying to userLogin with password: 3425345345
[2024-05-01 15:33:32.688 +08:00  WRN]  astsfdtgdf trying to userLogin with password: 3425345345
[2024-05-01 15:41:39.318 +08:00  WRN]  Failed to determine the https port for redirect.
[2024-05-01 15:41:40.931 +08:00  WRN]  wetwetwet trying to userLogin with password: 232434aw34a
[2024-05-01 15:42:19.278 +08:00  ERR]  An unhandled exception has occurred while executing the request.
System.InvalidOperationException: Session has not been configured for this application or request.
   at Microsoft.AspNetCore.Http.DefaultHttpContext.get_Session()
   at IdentityFramework.Controllers.UserController.userLogin(String userAccount, String userPassword) in D:\Code\星球项目\usercenter-backend\usercenter-backend\Controllers\UserController.cs:line 180
   at lambda_method6(Closure, Object)
   at Microsoft.AspNetCore.Mvc.Infrastructure.ActionMethodExecutor.AwaitableObjectResultExecutor.Execute(ActionContext actionContext, IActionResultTypeMapper mapper, ObjectMethodExecutor executor, Object controller, Object[] arguments)
   at Microsoft.AspNetCore.Mvc.Infrastructure.ControllerActionInvoker.<InvokeActionMethodAsync>g__Awaited|12_0(ControllerActionInvoker invoker, ValueTask`1 actionResultValueTask)
   at Microsoft.AspNetCore.Mvc.Infrastructure.ControllerActionInvoker.<InvokeNextActionFilterAsync>g__Awaited|10_0(ControllerActionInvoker invoker, Task lastTask, State next, Scope scope, Object state, Boolean isCompleted)
   at Microsoft.AspNetCore.Mvc.Infrastructure.ControllerActionInvoker.Rethrow(ActionExecutedContextSealed context)
   at Microsoft.AspNetCore.Mvc.Infrastructure.ControllerActionInvoker.Next(State& next, Scope& scope, Object& state, Boolean& isCompleted)
   at Microsoft.AspNetCore.Mvc.Infrastructure.ControllerActionInvoker.InvokeInnerFilterAsync()
--- End of stack trace from previous location ---
   at Microsoft.AspNetCore.Mvc.Infrastructure.ResourceInvoker.<InvokeFilterPipelineAsync>g__Awaited|20_0(ResourceInvoker invoker, Task lastTask, State next, Scope scope, Object state, Boolean isCompleted)
   at Microsoft.AspNetCore.Mvc.Infrastructure.ResourceInvoker.<InvokeAsync>g__Awaited|17_0(ResourceInvoker invoker, Task task, IDisposable scope)
   at Microsoft.AspNetCore.Mvc.Infrastructure.ResourceInvoker.<InvokeAsync>g__Awaited|17_0(ResourceInvoker invoker, Task task, IDisposable scope)
   at Microsoft.AspNetCore.Authorization.AuthorizationMiddleware.Invoke(HttpContext context)
   at Swashbuckle.AspNetCore.SwaggerUI.SwaggerUIMiddleware.Invoke(HttpContext httpContext)
   at Swashbuckle.AspNetCore.Swagger.SwaggerMiddleware.Invoke(HttpContext httpContext, ISwaggerProvider swaggerProvider)
   at Microsoft.AspNetCore.Authentication.AuthenticationMiddleware.Invoke(HttpContext context)
   at Microsoft.AspNetCore.Diagnostics.DeveloperExceptionPageMiddlewareImpl.Invoke(HttpContext context)
[2024-05-01 15:48:59.278 +08:00  WRN]  Failed to determine the https port for redirect.
[2024-05-01 15:49:00.520 +08:00  WRN]  yupi trying to userLogin with password: 12345678
[2024-05-01 15:49:01.033 +08:00  ERR]  An unhandled exception has occurred while executing the request.
System.InvalidOperationException: Session has not been configured for this application or request.
   at Microsoft.AspNetCore.Http.DefaultHttpContext.get_Session()
   at IdentityFramework.Controllers.UserController.userLogin(String userAccount, String userPassword) in D:\Code\星球项目\usercenter-backend\usercenter-backend\Controllers\UserController.cs:line 182
   at lambda_method6(Closure, Object)
   at Microsoft.AspNetCore.Mvc.Infrastructure.ActionMethodExecutor.AwaitableObjectResultExecutor.Execute(ActionContext actionContext, IActionResultTypeMapper mapper, ObjectMethodExecutor executor, Object controller, Object[] arguments)
   at Microsoft.AspNetCore.Mvc.Infrastructure.ControllerActionInvoker.<InvokeActionMethodAsync>g__Awaited|12_0(ControllerActionInvoker invoker, ValueTask`1 actionResultValueTask)
   at Microsoft.AspNetCore.Mvc.Infrastructure.ControllerActionInvoker.<InvokeNextActionFilterAsync>g__Awaited|10_0(ControllerActionInvoker invoker, Task lastTask, State next, Scope scope, Object state, Boolean isCompleted)
   at Microsoft.AspNetCore.Mvc.Infrastructure.ControllerActionInvoker.Rethrow(ActionExecutedContextSealed context)
   at Microsoft.AspNetCore.Mvc.Infrastructure.ControllerActionInvoker.Next(State& next, Scope& scope, Object& state, Boolean& isCompleted)
   at Microsoft.AspNetCore.Mvc.Infrastructure.ControllerActionInvoker.InvokeInnerFilterAsync()
--- End of stack trace from previous location ---
   at Microsoft.AspNetCore.Mvc.Infrastructure.ResourceInvoker.<InvokeFilterPipelineAsync>g__Awaited|20_0(ResourceInvoker invoker, Task lastTask, State next, Scope scope, Object state, Boolean isCompleted)
   at Microsoft.AspNetCore.Mvc.Infrastructure.ResourceInvoker.<InvokeAsync>g__Awaited|17_0(ResourceInvoker invoker, Task task, IDisposable scope)
   at Microsoft.AspNetCore.Mvc.Infrastructure.ResourceInvoker.<InvokeAsync>g__Awaited|17_0(ResourceInvoker invoker, Task task, IDisposable scope)
   at Microsoft.AspNetCore.Authorization.AuthorizationMiddleware.Invoke(HttpContext context)
   at Swashbuckle.AspNetCore.SwaggerUI.SwaggerUIMiddleware.Invoke(HttpContext httpContext)
   at Swashbuckle.AspNetCore.Swagger.SwaggerMiddleware.Invoke(HttpContext httpContext, ISwaggerProvider swaggerProvider)
   at Microsoft.AspNetCore.Authentication.AuthenticationMiddleware.Invoke(HttpContext context)
   at Microsoft.AspNetCore.Diagnostics.DeveloperExceptionPageMiddlewareImpl.Invoke(HttpContext context)
[2024-05-01 15:49:15.373 +08:00  WRN]  yupi trying to userLogin with password: 12345678
[2024-05-01 15:50:21.790 +08:00  WRN]  Failed to determine the https port for redirect.
[2024-05-01 15:50:23.804 +08:00  WRN]  yupi trying to userLogin with password: 12345678
[2024-05-01 15:51:35.322 +08:00  ERR]  An unhandled exception has occurred while executing the request.
System.InvalidOperationException: Session has not been configured for this application or request.
   at Microsoft.AspNetCore.Http.DefaultHttpContext.get_Session()
   at IdentityFramework.Controllers.UserController.userLogin(String userAccount, String userPassword) in D:\Code\星球项目\usercenter-backend\usercenter-backend\Controllers\UserController.cs:line 182
   at lambda_method6(Closure, Object)
   at Microsoft.AspNetCore.Mvc.Infrastructure.ActionMethodExecutor.AwaitableObjectResultExecutor.Execute(ActionContext actionContext, IActionResultTypeMapper mapper, ObjectMethodExecutor executor, Object controller, Object[] arguments)
   at Microsoft.AspNetCore.Mvc.Infrastructure.ControllerActionInvoker.<InvokeActionMethodAsync>g__Awaited|12_0(ControllerActionInvoker invoker, ValueTask`1 actionResultValueTask)
   at Microsoft.AspNetCore.Mvc.Infrastructure.ControllerActionInvoker.<InvokeNextActionFilterAsync>g__Awaited|10_0(ControllerActionInvoker invoker, Task lastTask, State next, Scope scope, Object state, Boolean isCompleted)
   at Microsoft.AspNetCore.Mvc.Infrastructure.ControllerActionInvoker.Rethrow(ActionExecutedContextSealed context)
   at Microsoft.AspNetCore.Mvc.Infrastructure.ControllerActionInvoker.Next(State& next, Scope& scope, Object& state, Boolean& isCompleted)
   at Microsoft.AspNetCore.Mvc.Infrastructure.ControllerActionInvoker.InvokeInnerFilterAsync()
--- End of stack trace from previous location ---
   at Microsoft.AspNetCore.Mvc.Infrastructure.ResourceInvoker.<InvokeFilterPipelineAsync>g__Awaited|20_0(ResourceInvoker invoker, Task lastTask, State next, Scope scope, Object state, Boolean isCompleted)
   at Microsoft.AspNetCore.Mvc.Infrastructure.ResourceInvoker.<InvokeAsync>g__Awaited|17_0(ResourceInvoker invoker, Task task, IDisposable scope)
   at Microsoft.AspNetCore.Mvc.Infrastructure.ResourceInvoker.<InvokeAsync>g__Awaited|17_0(ResourceInvoker invoker, Task task, IDisposable scope)
   at Microsoft.AspNetCore.Authorization.AuthorizationMiddleware.Invoke(HttpContext context)
   at Swashbuckle.AspNetCore.SwaggerUI.SwaggerUIMiddleware.Invoke(HttpContext httpContext)
   at Swashbuckle.AspNetCore.Swagger.SwaggerMiddleware.Invoke(HttpContext httpContext, ISwaggerProvider swaggerProvider)
   at Microsoft.AspNetCore.Authentication.AuthenticationMiddleware.Invoke(HttpContext context)
   at Microsoft.AspNetCore.Diagnostics.DeveloperExceptionPageMiddlewareImpl.Invoke(HttpContext context)
[2024-05-01 16:12:30.014 +08:00  WRN]  Failed to determine the https port for redirect.
[2024-05-01 16:12:31.411 +08:00  WRN]  sdafsdf trying to userLogin with password: aw3r3waraw3r3
[2024-05-01 16:12:32.178 +08:00  ERR]  An unhandled exception has occurred while executing the request.
System.InvalidOperationException: Session has not been configured for this application or request.
   at Microsoft.AspNetCore.Http.DefaultHttpContext.get_Session()
   at IdentityFramework.Controllers.UserController.userLogin(String userAccount, String userPassword) in D:\Code\星球项目\usercenter-backend\usercenter-backend\Controllers\UserController.cs:line 182
   at lambda_method6(Closure, Object)
   at Microsoft.AspNetCore.Mvc.Infrastructure.ActionMethodExecutor.AwaitableObjectResultExecutor.Execute(ActionContext actionContext, IActionResultTypeMapper mapper, ObjectMethodExecutor executor, Object controller, Object[] arguments)
   at Microsoft.AspNetCore.Mvc.Infrastructure.ControllerActionInvoker.<InvokeActionMethodAsync>g__Awaited|12_0(ControllerActionInvoker invoker, ValueTask`1 actionResultValueTask)
   at Microsoft.AspNetCore.Mvc.Infrastructure.ControllerActionInvoker.<InvokeNextActionFilterAsync>g__Awaited|10_0(ControllerActionInvoker invoker, Task lastTask, State next, Scope scope, Object state, Boolean isCompleted)
   at Microsoft.AspNetCore.Mvc.Infrastructure.ControllerActionInvoker.Rethrow(ActionExecutedContextSealed context)
   at Microsoft.AspNetCore.Mvc.Infrastructure.ControllerActionInvoker.Next(State& next, Scope& scope, Object& state, Boolean& isCompleted)
   at Microsoft.AspNetCore.Mvc.Infrastructure.ControllerActionInvoker.InvokeInnerFilterAsync()
--- End of stack trace from previous location ---
   at Microsoft.AspNetCore.Mvc.Infrastructure.ResourceInvoker.<InvokeFilterPipelineAsync>g__Awaited|20_0(ResourceInvoker invoker, Task lastTask, State next, Scope scope, Object state, Boolean isCompleted)
   at Microsoft.AspNetCore.Mvc.Infrastructure.ResourceInvoker.<InvokeAsync>g__Awaited|17_0(ResourceInvoker invoker, Task task, IDisposable scope)
   at Microsoft.AspNetCore.Mvc.Infrastructure.ResourceInvoker.<InvokeAsync>g__Awaited|17_0(ResourceInvoker invoker, Task task, IDisposable scope)
   at Microsoft.AspNetCore.Authorization.AuthorizationMiddleware.Invoke(HttpContext context)
   at Swashbuckle.AspNetCore.SwaggerUI.SwaggerUIMiddleware.Invoke(HttpContext httpContext)
   at Swashbuckle.AspNetCore.Swagger.SwaggerMiddleware.Invoke(HttpContext httpContext, ISwaggerProvider swaggerProvider)
   at Microsoft.AspNetCore.Authentication.AuthenticationMiddleware.Invoke(HttpContext context)
   at Microsoft.AspNetCore.Diagnostics.DeveloperExceptionPageMiddlewareImpl.Invoke(HttpContext context)
[2024-05-01 16:12:44.181 +08:00  WRN]  sdafsdf trying to userLogin with password: aw3r3waraw3r3
[2024-05-01 16:13:00.635 +08:00  ERR]  An unhandled exception has occurred while executing the request.
System.InvalidOperationException: Session has not been configured for this application or request.
   at Microsoft.AspNetCore.Http.DefaultHttpContext.get_Session()
   at IdentityFramework.Controllers.UserController.userLogin(String userAccount, String userPassword) in D:\Code\星球项目\usercenter-backend\usercenter-backend\Controllers\UserController.cs:line 182
   at lambda_method6(Closure, Object)
   at Microsoft.AspNetCore.Mvc.Infrastructure.ActionMethodExecutor.AwaitableObjectResultExecutor.Execute(ActionContext actionContext, IActionResultTypeMapper mapper, ObjectMethodExecutor executor, Object controller, Object[] arguments)
   at Microsoft.AspNetCore.Mvc.Infrastructure.ControllerActionInvoker.<InvokeActionMethodAsync>g__Awaited|12_0(ControllerActionInvoker invoker, ValueTask`1 actionResultValueTask)
   at Microsoft.AspNetCore.Mvc.Infrastructure.ControllerActionInvoker.<InvokeNextActionFilterAsync>g__Awaited|10_0(ControllerActionInvoker invoker, Task lastTask, State next, Scope scope, Object state, Boolean isCompleted)
   at Microsoft.AspNetCore.Mvc.Infrastructure.ControllerActionInvoker.Rethrow(ActionExecutedContextSealed context)
   at Microsoft.AspNetCore.Mvc.Infrastructure.ControllerActionInvoker.Next(State& next, Scope& scope, Object& state, Boolean& isCompleted)
   at Microsoft.AspNetCore.Mvc.Infrastructure.ControllerActionInvoker.InvokeInnerFilterAsync()
--- End of stack trace from previous location ---
   at Microsoft.AspNetCore.Mvc.Infrastructure.ResourceInvoker.<InvokeFilterPipelineAsync>g__Awaited|20_0(ResourceInvoker invoker, Task lastTask, State next, Scope scope, Object state, Boolean isCompleted)
   at Microsoft.AspNetCore.Mvc.Infrastructure.ResourceInvoker.<InvokeAsync>g__Awaited|17_0(ResourceInvoker invoker, Task task, IDisposable scope)
   at Microsoft.AspNetCore.Mvc.Infrastructure.ResourceInvoker.<InvokeAsync>g__Awaited|17_0(ResourceInvoker invoker, Task task, IDisposable scope)
   at Microsoft.AspNetCore.Authorization.AuthorizationMiddleware.Invoke(HttpContext context)
   at Swashbuckle.AspNetCore.SwaggerUI.SwaggerUIMiddleware.Invoke(HttpContext httpContext)
   at Swashbuckle.AspNetCore.Swagger.SwaggerMiddleware.Invoke(HttpContext httpContext, ISwaggerProvider swaggerProvider)
   at Microsoft.AspNetCore.Authentication.AuthenticationMiddleware.Invoke(HttpContext context)
   at Microsoft.AspNetCore.Diagnostics.DeveloperExceptionPageMiddlewareImpl.Invoke(HttpContext context)
[2024-05-01 16:15:34.175 +08:00  WRN]  Failed to determine the https port for redirect.
[2024-05-01 16:15:35.976 +08:00  WRN]  yupi trying to userLogin with password: 12345678
[2024-05-01 16:15:41.866 +08:00  ERR]  An unhandled exception has occurred while executing the request.
System.InvalidOperationException: Session has not been configured for this application or request.
   at Microsoft.AspNetCore.Http.DefaultHttpContext.get_Session()
   at IdentityFramework.Controllers.UserController.userLogin(String userAccount, String userPassword) in D:\Code\星球项目\usercenter-backend\usercenter-backend\Controllers\UserController.cs:line 223
   at lambda_method6(Closure, Object)
   at Microsoft.AspNetCore.Mvc.Infrastructure.ActionMethodExecutor.AwaitableObjectResultExecutor.Execute(ActionContext actionContext, IActionResultTypeMapper mapper, ObjectMethodExecutor executor, Object controller, Object[] arguments)
   at Microsoft.AspNetCore.Mvc.Infrastructure.ControllerActionInvoker.<InvokeActionMethodAsync>g__Awaited|12_0(ControllerActionInvoker invoker, ValueTask`1 actionResultValueTask)
   at Microsoft.AspNetCore.Mvc.Infrastructure.ControllerActionInvoker.<InvokeNextActionFilterAsync>g__Awaited|10_0(ControllerActionInvoker invoker, Task lastTask, State next, Scope scope, Object state, Boolean isCompleted)
   at Microsoft.AspNetCore.Mvc.Infrastructure.ControllerActionInvoker.Rethrow(ActionExecutedContextSealed context)
   at Microsoft.AspNetCore.Mvc.Infrastructure.ControllerActionInvoker.Next(State& next, Scope& scope, Object& state, Boolean& isCompleted)
   at Microsoft.AspNetCore.Mvc.Infrastructure.ControllerActionInvoker.<InvokeInnerFilterAsync>g__Awaited|13_0(ControllerActionInvoker invoker, Task lastTask, State next, Scope scope, Object state, Boolean isCompleted)
   at Microsoft.AspNetCore.Mvc.Infrastructure.ResourceInvoker.<InvokeFilterPipelineAsync>g__Awaited|20_0(ResourceInvoker invoker, Task lastTask, State next, Scope scope, Object state, Boolean isCompleted)
   at Microsoft.AspNetCore.Mvc.Infrastructure.ResourceInvoker.<InvokeAsync>g__Awaited|17_0(ResourceInvoker invoker, Task task, IDisposable scope)
   at Microsoft.AspNetCore.Mvc.Infrastructure.ResourceInvoker.<InvokeAsync>g__Awaited|17_0(ResourceInvoker invoker, Task task, IDisposable scope)
   at Microsoft.AspNetCore.Authorization.AuthorizationMiddleware.Invoke(HttpContext context)
   at Swashbuckle.AspNetCore.SwaggerUI.SwaggerUIMiddleware.Invoke(HttpContext httpContext)
   at Swashbuckle.AspNetCore.Swagger.SwaggerMiddleware.Invoke(HttpContext httpContext, ISwaggerProvider swaggerProvider)
   at Microsoft.AspNetCore.Authentication.AuthenticationMiddleware.Invoke(HttpContext context)
   at Microsoft.AspNetCore.Diagnostics.DeveloperExceptionPageMiddlewareImpl.Invoke(HttpContext context)
[2024-05-01 16:16:48.061 +08:00  WRN]  Failed to determine the https port for redirect.
[2024-05-01 16:16:49.396 +08:00  WRN]  yupi trying to userLogin with password: 12345678
[2024-05-01 16:18:08.564 +08:00  WRN]  yupi trying to userLogin with password: 12345678
[2024-05-01 16:19:21.914 +08:00  WRN]  Failed to determine the https port for redirect.
[2024-05-01 16:19:23.942 +08:00  WRN]  yupi trying to userLogin with password: 12345678
[2024-05-01 16:20:13.346 +08:00  WRN]  Failed to determine the https port for redirect.
[2024-05-01 16:20:14.453 +08:00  WRN]  wetwet trying to userLogin with password: wetwetwetwe
[2024-05-01 16:20:48.622 +08:00  WRN]  yupi trying to userLogin with password: 12345678
[2024-05-01 16:26:58.316 +08:00  WRN]  Failed to determine the https port for redirect.
[2024-05-01 16:26:59.323 +08:00  WRN]  sghfghfgh trying to userLogin with password: fghfghfghg
[2024-05-01 16:41:11.085 +08:00  WRN]  Failed to determine the https port for redirect.
[2024-05-01 16:41:12.658 +08:00  WRN]  yupi trying to userLogin with password: 12345678
[2024-05-01 17:06:37.650 +08:00  WRN]  Failed to determine the https port for redirect.
[2024-05-01 17:06:39.535 +08:00  WRN]  yupi trying to userLogin with password: str12312ing
[2024-05-01 17:06:48.464 +08:00  WRN]  user login failed, userAccount=yupi cannot matchh userPassword=str12312ing
[2024-05-01 17:07:12.576 +08:00  WRN]  yupi trying to userLogin with password: str12312ing
[2024-05-01 17:07:17.903 +08:00  WRN]  user login failed, userAccount=yupi cannot matchh userPassword=str12312ing
[2024-05-01 17:07:39.267 +08:00  WRN]  yupi trying to userLogin with password: str12312ing
[2024-05-01 17:07:46.695 +08:00  WRN]  user login failed, userAccount=yupi cannot matchh userPassword=str12312ing
[2024-05-01 17:07:55.526 +08:00  WRN]  yupi trying to userLogin with password: 12345678
[2024-05-01 17:13:37.614 +08:00  WRN]  Failed to determine the https port for redirect.
[2024-05-01 17:13:38.974 +08:00  WRN]  yupi trying to userLogin with password: 12345678
[2024-05-01 17:13:57.264 +08:00  WRN]  yupi trying to userLogin with password: 12345678
[2024-05-01 17:25:05.014 +08:00  WRN]  Failed to determine the https port for redirect.
[2024-05-01 17:25:59.957 +08:00  WRN]  Failed to determine the https port for redirect.
[2024-05-01 17:35:22.700 +08:00  WRN]  Failed to determine the https port for redirect.
[2024-05-01 23:05:12.659 +08:00  WRN]  Failed to determine the https port for redirect.
[2024-05-01 23:05:34.069 +08:00  WRN]  yupi trying to userLogin with password: 12345678
[2024-05-01 23:12:20.119 +08:00  WRN]  Failed to determine the https port for redirect.
[2024-05-01 23:12:23.277 +08:00  WRN]  yupi trying to userLogin with password: 12345678
[2024-05-01 23:14:14.775 +08:00  WRN]  Failed to determine the https port for redirect.
[2024-05-01 23:14:14.953 +08:00  WRN]  yzk trying to userLogin with password: 123456
[2024-05-01 23:15:56.078 +08:00  WRN]  yupi trying to userLogin with password: 12345678
[2024-05-01 23:28:19.256 +08:00  WRN]  Failed to determine the https port for redirect.
[2024-05-01 23:28:40.996 +08:00  WRN]  yupi trying to userLogin with password: 12345678
[2024-05-01 23:31:29.237 +08:00  WRN]  dogYupi trying to userLogin with password: 12345678
[2024-05-01 23:33:06.818 +08:00  WRN]  Failed to determine the https port for redirect.
[2024-05-01 23:33:06.997 +08:00  WRN]  dogYupi trying to userLogin with password: 12345678
[2024-05-01 23:41:28.452 +08:00  WRN]  Failed to determine the https port for redirect.
[2024-05-01 23:41:28.629 +08:00  WRN]  yupi trying to userLogin with password: 12345678
[2024-05-01 23:44:48.769 +08:00  WRN]  Failed to determine the https port for redirect.
[2024-05-01 23:44:48.947 +08:00  WRN]  yupi trying to userLogin with password: 12345678
[2024-05-01 23:52:33.620 +08:00  WRN]  Failed to determine the https port for redirect.
